-------------------------------------------------------------------------------
Test set: Shogi.Shogi.ShogiApplicationTests
-------------------------------------------------------------------------------
Tests run: 1, Failures: 0, Errors: 1, Skipped: 0, Time elapsed: 2.262 s <<< FAILURE! - in Shogi.Shogi.ShogiApplicationTests
Shogi.Shogi.ShogiApplicationTests  Time elapsed: 2.262 s  <<< ERROR!
java.lang.IllegalStateException: Unable to find a @SpringBootConfiguration, you need to use @ContextConfiguration or @SpringBootTest(classes=...) with your test

